<?xml version="1.0" encoding="UTF-8"?>
<testsuite name="org.example.automaton.NFATest" tests="1" skipped="0" failures="0" errors="0" timestamp="2020-04-29T20:49:07" hostname="keishis-iMac.local" time="0.03">
  <properties/>
  <testcase name="getNullMoveStateSet" classname="org.example.automaton.NFATest" time="0.03"/>
  <system-out><![CDATA[]]></system-out>
  <system-err><![CDATA[]]></system-err>
</testsuite>
