<?xml version="1.0" encoding="UTF-8"?>
<testsuite name="org.example.automaton.NFATest" tests="1" skipped="0" failures="0" errors="0" timestamp="2020-04-29T03:15:24" hostname="keishis-iMac.local" time="4.943">
  <properties/>
  <testcase name="testNFA" classname="org.example.automaton.NFATest" time="4.943"/>
  <system-out><![CDATA[state: 0: 
state: 1: 
state: 2: 
state: 3: start
state: 4: 
state: 5: final
f(1, b) => [2]
f(1, c) => [2]
f(2, Ω) => [1, 4]
f(0, Ω) => [1, 4]
f(3, a) => [0]
f(4, d) => [5]

]]></system-out>
  <system-err><![CDATA[]]></system-err>
</testsuite>
