<?xml version="1.0" encoding="UTF-8"?>
<testsuite name="org.example.pl0_2.TestParser" tests="1" skipped="0" failures="0" errors="0" timestamp="2020-05-24T08:06:27" hostname="keishis-iMac.local" time="0.051">
  <properties/>
  <testcase name="testProgram2" classname="org.example.pl0_2.TestParser" time="0.051"/>
  <system-out><![CDATA[parCount: 2 index: 1
i: 0 code: jmp value: 7
i: 1 code: jmp value: 2
i: 2 code: ict value: 2
i: 3 code: lod level: 1 addr:-2
i: 4 code: lod level: 1 addr:-1
i: 5 code: mul
i: 6 code: ret level: 1 addr:2
i: 7 code: ict value: 2
i: 8 code: lit value: 2
i: 9 code: lit value: 3
i: 10 code: cal level: 0 addr:2
i: 11 code: wrt
i: 12 code: wrl
i: 13 code: ret level: 0 addr:0
start
6
done
]]></system-out>
  <system-err><![CDATA[]]></system-err>
</testsuite>
