<?xml version="1.0" encoding="UTF-8"?>
<testsuite name="org.example.automaton.NFTTest" tests="1" skipped="0" failures="0" errors="0" timestamp="2020-04-26T05:55:27" hostname="keishis-iMac.local" time="0.009">
  <properties/>
  <testcase name="testNftMove" classname="org.example.automaton.NFTTest" time="0.009"/>
  <system-out><![CDATA[]]></system-out>
  <system-err><![CDATA[]]></system-err>
</testsuite>
