<?xml version="1.0" encoding="UTF-8"?>
<testsuite name="org.example.pl0_2.TestExecutor" tests="1" skipped="0" failures="0" errors="0" timestamp="2020-05-24T12:53:23" hostname="keishis-iMac.local" time="0.053">
  <properties/>
  <testcase name="testExecuter2" classname="org.example.pl0_2.TestExecutor" time="0.053"/>
  <system-out><![CDATA[
0: code: jmp value: 17
1: code: jmp value: 8
2: code: jmp value: 3
3: code: ict value: 2
4: code: lod level: 2 addr:-2
5: code: lod level: 2 addr:-1
6: code: add
7: code: ret level: 2 addr:2
8: code: ict value: 2
9: code: lit value: 1
10: code: lit value: 2
11: code: cal level: 1 addr:3
12: code: lod level: 1 addr:-2
13: code: mul
14: code: lod level: 1 addr:-1
15: code: mul
16: code: ret level: 1 addr:2
17: code: ict value: 2
18: code: lit value: 3
19: code: lit value: 2
20: code: cal level: 0 addr:8
21: code: wrt
22: code: ret level: 0 addr:0
18
]]></system-out>
  <system-err><![CDATA[]]></system-err>
</testsuite>
