<?xml version="1.0" encoding="UTF-8"?>
<testsuite name="org.example.automaton.NFATest" tests="1" skipped="0" failures="0" errors="0" timestamp="2020-04-27T14:12:53" hostname="keishis-iMac.local" time="0.029">
  <properties/>
  <testcase name="testReverse2" classname="org.example.automaton.NFATest" time="0.029"/>
  <system-out><![CDATA[^
[]
[]
a
[^]
[]
b
[^]
[a]
(
[^, _]
[a, b]
c
[^, (]
[a, b, _]
d
[^, (]
[a, b, _, c]
(
[^, (, _]
[a, b, _, c, d]
e
[^, (, (]
[a, b, _, c, d, _]
|
[^, (, (]
[a, b, _, c, d, _, e]
f
[^, (, (, |]
[a, b, _, c, d, _, e]
)
[^, (, (, |]
[a, b, _, c, d, _, e, f]
g
[^, (]
[a, b, _, c, d, _, e, f, |, (, )]
|
[^, (, _]
[a, b, _, c, d, _, e, f, |, (, ), g]
d
[^, (, |]
[a, b, _, c, d, _, e, f, |, (, ), g, _]
)
[^, (, |]
[a, b, _, c, d, _, e, f, |, (, ), g, _, d]
$
[^]
[a, b, _, c, d, _, e, f, |, (, ), g, _, d, |, (, )]
]]></system-out>
  <system-err><![CDATA[]]></system-err>
</testsuite>
